2025-03-19T15:22:55.686Z - [code2md] Context Menu: Generate Markdown triggered
2025-03-19T15:22:55.687Z - [code2md] Raw args length: 2
2025-03-19T15:22:55.688Z - [code2md] Raw args: ["object","object"]
2025-03-19T15:22:55.688Z - [code2md] Arg 0 type: object
2025-03-19T15:22:55.689Z - [code2md] Arg 0 is array: false
2025-03-19T15:22:55.689Z - [code2md] Arg 0 keys: scheme, authority, path, query, fragment, _formatted, _fsPath
2025-03-19T15:22:55.690Z - [code2md] Arg 0 fsPath: c:\dev\code2md\src\extension.ts
2025-03-19T15:22:55.690Z - [code2md] Arg 1 type: object
2025-03-19T15:22:55.691Z - [code2md] Arg 1 is array: true
2025-03-19T15:22:55.692Z - [code2md] Arg 1 keys: 0, 1
2025-03-19T15:22:55.692Z - [code2md] Arg 1 length: 2
2025-03-19T15:22:55.693Z - [code2md] Arg 1[0] fsPath: c:\dev\code2md\README.md
2025-03-19T15:22:55.693Z - [code2md] Files from second argument array
2025-03-19T15:22:55.694Z - [code2md] Selected files count: 2
2025-03-19T15:22:55.694Z - [code2md] Selected files: c:\dev\code2md\README.md, c:\dev\code2md\src\extension.ts
2025-03-19T15:22:55.695Z - [code2md] Generating Markdown for files: README.md, src/extension.ts
2025-03-19T15:22:55.696Z - [code2md] Output path set to: c:\dev\code2md\2025-03-19_1122AM_code2md_v01.md (Version: 1)
2025-03-19T15:22:55.696Z - [code2md] Processing file: README.md
2025-03-19T15:22:55.697Z - [code2md] Processing file: src/extension.ts
2025-03-19T15:22:55.698Z - [code2md] Markdown file written to: 2025-03-19_1122AM_code2md_v01.md with 2 of 2 files
2025-03-19T15:22:55.699Z - [code2md] Markdown file generated with 2 files at: c:\dev\code2md\2025-03-19_1122AM_code2md_v01.md
